<?xml version="1.0" encoding="UTF-8"?>
<!-- Generated by org.testng.reporters.JUnitReportReporter -->
<testsuite hostname="DESKTOP-09HPMNK" failures="0" tests="1" name="testCases.TestUserRole" time="36.889" errors="0" timestamp="2023-05-22T11:27:21 IST" skipped="0">
  <testcase classname="testCases.TestUserRole" name="verifyChkUserRole" time="36.889"/>
  <system-out/>
</testsuite> <!-- testCases.TestUserRole -->
