<?xml version="1.0" encoding="UTF-8"?>
<!-- Generated by org.testng.reporters.JUnitReportReporter -->
<testsuite hostname="DESKTOP-09HPMNK" failures="0" tests="1" name="testCases.LoginTestCase" time="20.809" errors="0" timestamp="2023-05-28T15:19:24 IST" skipped="0">
  <testcase classname="testCases.LoginTestCase" name="verifyLoginFunctionality" time="20.809"/>
  <system-out/>
</testsuite> <!-- testCases.LoginTestCase -->
