<?xml version="1.0" encoding="UTF-8"?>
<!-- Generated by org.testng.reporters.JUnitReportReporter -->
<testsuite hostname="DESKTOP-09HPMNK" failures="0" tests="1" name="extentReport.ExtentReport" time="45.768" errors="0" timestamp="2023-05-28T11:01:57 IST" skipped="0">
  <testcase classname="extentReport.ExtentReport" name="verifyPageObjectModel" time="45.768"/>
  <system-out/>
</testsuite> <!-- extentReport.ExtentReport -->
